2018-05-29 11:54:43.8126|INFO|Microsoft.AspNetCore.Hosting.Internal.WebHost|Request starting HTTP/1.1 GET http://localhost:7816/api/product/4 application/json 
2018-05-29 11:54:43.8126|INFO|Microsoft.AspNetCore.Hosting.Internal.WebHost|Request starting HTTP/1.1 GET http://localhost:7816/  
2018-05-29 11:54:44.7590|INFO|Microsoft.AspNetCore.Hosting.Internal.WebHost|Request finished in 1045.594ms 404 text/plain
2018-05-29 11:54:45.0040|INFO|Microsoft.AspNetCore.Hosting.Internal.WebHost|Request starting HTTP/1.1 GET http://localhost:7816/favicon.ico  
2018-05-29 11:54:45.0793|INFO|Microsoft.AspNetCore.Hosting.Internal.WebHost|Request finished in 74.8815ms 404 text/plain
2018-05-29 11:54:45.1047|INFO|Microsoft.AspNetCore.Mvc.Internal.ControllerActionInvoker|Executing action method CoreBenk.APi.Controllers.ProductController.GetProduct (CoreBenk.APi) with arguments (4) - ModelState is Valid
2018-05-29 11:54:45.1252|INFO|CoreBenk.APi.Controllers.ProductController|Id为4的产品没有被找到..
2018-05-29 11:54:45.1514|INFO|Microsoft.AspNetCore.Mvc.StatusCodeResult|Executing HttpStatusCodeResult, setting HTTP status code 404
2018-05-29 11:54:45.1664|INFO|Microsoft.AspNetCore.Mvc.Internal.ControllerActionInvoker|Executed action CoreBenk.APi.Controllers.ProductController.GetProduct (CoreBenk.APi) in 133.9909ms
2018-05-29 11:54:45.2092|INFO|Microsoft.AspNetCore.Hosting.Internal.WebHost|Request finished in 1474.333ms 404 
2018-05-29 11:55:20.7507|INFO|Microsoft.AspNetCore.Hosting.Internal.WebHost|Request starting HTTP/1.1 GET http://localhost:7816/api/product/4 application/json 
2018-05-29 11:55:20.7786|INFO|Microsoft.AspNetCore.Mvc.Internal.ControllerActionInvoker|Executing action method CoreBenk.APi.Controllers.ProductController.GetProduct (CoreBenk.APi) with arguments (4) - ModelState is Valid
2018-05-29 11:55:20.7907|INFO|CoreBenk.APi.Controllers.ProductController|Id为4的产品没有被找到..
2018-05-29 11:55:20.8024|INFO|Microsoft.AspNetCore.Mvc.StatusCodeResult|Executing HttpStatusCodeResult, setting HTTP status code 404
2018-05-29 11:55:20.8104|INFO|Microsoft.AspNetCore.Mvc.Internal.ControllerActionInvoker|Executed action CoreBenk.APi.Controllers.ProductController.GetProduct (CoreBenk.APi) in 30.7683ms
2018-05-29 11:55:20.8383|INFO|Microsoft.AspNetCore.Hosting.Internal.WebHost|Request finished in 70.0517ms 404 
2018-05-29 11:57:03.8013|INFO|Microsoft.AspNetCore.Hosting.Internal.WebHost|Request starting HTTP/1.1 GET http://localhost:7816/  
2018-05-29 11:57:04.2946|INFO|Microsoft.AspNetCore.Hosting.Internal.WebHost|Request finished in 584.5362ms 404 text/plain
2018-05-29 11:57:04.4151|INFO|Microsoft.AspNetCore.Hosting.Internal.WebHost|Request starting HTTP/1.1 GET http://localhost:7816/favicon.ico  
2018-05-29 11:57:04.4429|INFO|Microsoft.AspNetCore.Hosting.Internal.WebHost|Request finished in 33.2757ms 404 text/plain
2018-05-29 11:57:22.3967|INFO|Microsoft.AspNetCore.Hosting.Internal.WebHost|Request starting HTTP/1.1 GET http://localhost:7816/api/product/4 application/json 
2018-05-29 11:57:22.5325|INFO|Microsoft.AspNetCore.Mvc.Internal.ControllerActionInvoker|Executing action method CoreBenk.APi.Controllers.ProductController.GetProduct (CoreBenk.APi) with arguments (4) - ModelState is Valid
2018-05-29 11:57:22.5499|INFO|CoreBenk.APi.Controllers.ProductController|Id为4的产品没有被找到..
2018-05-29 11:57:22.5651|INFO|Microsoft.AspNetCore.Mvc.StatusCodeResult|Executing HttpStatusCodeResult, setting HTTP status code 404
2018-05-29 11:57:22.5770|INFO|Microsoft.AspNetCore.Mvc.Internal.ControllerActionInvoker|Executed action CoreBenk.APi.Controllers.ProductController.GetProduct (CoreBenk.APi) in 68.1591ms
2018-05-29 11:57:22.6189|INFO|Microsoft.AspNetCore.Hosting.Internal.WebHost|Request finished in 199.1876ms 404 
